This is pdfTeX, Version 3.141592653-2.6-1.40.26 (TeX Live 2024) (preloaded format=pdflatex 2024.5.5)  12 JUN 2024 16:17
entering extended mode
 restricted \write18 enabled.
 %&-line parsing enabled.
**bv-preschool-cogsci.tex
(./bv-preschool-cogsci.tex
LaTeX2e <2023-11-01> patch level 1
L3 programming layer <2024-04-11>
(c:/Users/rbzan/AppData/Roaming/TinyTeX/texmf-dist/tex/latex/base/article.cls
Document Class: article 2023/05/17 v1.4n Standard LaTeX document class
(c:/Users/rbzan/AppData/Roaming/TinyTeX/texmf-dist/tex/latex/base/size10.clo
File: size10.clo 2023/05/17 v1.4n Standard LaTeX file (size option)
)
\c@part=\count189
\c@section=\count190
\c@subsection=\count191
\c@subsubsection=\count192
\c@paragraph=\count193
\c@subparagraph=\count194
\c@figure=\count195
\c@table=\count196
\abovecaptionskip=\skip48
\belowcaptionskip=\skip49
\bibindent=\dimen140
) (./cogsci.sty
Conference Style for COGSCI -- last modified December 31, 2018
\titlebox=\skip50
) (c:/Users/rbzan/AppData/Roaming/TinyTeX/texmf-dist/tex/latex/pslatex/pslatex.sty
Package: pslatex 2021/01/13 v1.3 pslatex emulation (DPC)
LaTeX Font Info:    Redeclaring symbol font `operators' on input line 66.
LaTeX Font Info:    Overwriting symbol font `operators' in version `normal'
(Font)                  OT1/cmr/m/n --> OT1/ptmcm/m/n on input line 66.
LaTeX Font Info:    Overwriting symbol font `operators' in version `bold'
(Font)                  OT1/cmr/bx/n --> OT1/ptmcm/m/n on input line 66.
LaTeX Font Info:    Redeclaring symbol font `letters' on input line 67.
LaTeX Font Info:    Overwriting symbol font `letters' in version `normal'
(Font)                  OML/cmm/m/it --> OML/ptmcm/m/it on input line 67.
LaTeX Font Info:    Overwriting symbol font `letters' in version `bold'
(Font)                  OML/cmm/b/it --> OML/ptmcm/m/it on input line 67.
LaTeX Font Info:    Redeclaring symbol font `symbols' on input line 68.
LaTeX Font Info:    Overwriting symbol font `symbols' in version `normal'
(Font)                  OMS/cmsy/m/n --> OMS/pzccm/m/n on input line 68.
LaTeX Font Info:    Overwriting symbol font `symbols' in version `bold'
(Font)                  OMS/cmsy/b/n --> OMS/pzccm/m/n on input line 68.
LaTeX Font Info:    Redeclaring symbol font `largesymbols' on input line 69.
LaTeX Font Info:    Overwriting symbol font `largesymbols' in version `normal'
(Font)                  OMX/cmex/m/n --> OMX/psycm/m/n on input line 69.
LaTeX Font Info:    Overwriting symbol font `largesymbols' in version `bold'
(Font)                  OMX/cmex/m/n --> OMX/psycm/m/n on input line 69.
\symbold=\mathgroup4
\symitalic=\mathgroup5
LaTeX Font Info:    Redeclaring math alphabet \mathbf on input line 75.
LaTeX Font Info:    Overwriting math alphabet `\mathbf' in version `normal'
(Font)                  OT1/cmr/bx/n --> OT1/ptm/bx/n on input line 75.
LaTeX Font Info:    Overwriting math alphabet `\mathbf' in version `bold'
(Font)                  OT1/cmr/bx/n --> OT1/ptm/bx/n on input line 75.
LaTeX Font Info:    Redeclaring math alphabet \mathit on input line 76.
LaTeX Font Info:    Overwriting math alphabet `\mathit' in version `normal'
(Font)                  OT1/cmr/m/it --> OT1/ptm/m/it on input line 76.
LaTeX Font Info:    Overwriting math alphabet `\mathit' in version `bold'
(Font)                  OT1/cmr/bx/it --> OT1/ptm/m/it on input line 76.
) (c:/Users/rbzan/AppData/Roaming/TinyTeX/texmf-dist/tex/latex/float/float.sty
Package: float 2001/11/08 v1.3d Float enhancements (AL)
\c@float@type=\count197
\float@exts=\toks17
\float@box=\box51
\@float@everytoks=\toks18
\@floatcapt=\box52
) (c:/Users/rbzan/AppData/Roaming/TinyTeX/texmf-dist/tex/latex/caption/caption.sty
Package: caption 2023/08/05 v3.6o Customizing captions (AR)
(c:/Users/rbzan/AppData/Roaming/TinyTeX/texmf-dist/tex/latex/caption/caption3.sty
Package: caption3 2023/07/31 v2.4d caption3 kernel (AR)
(c:/Users/rbzan/AppData/Roaming/TinyTeX/texmf-dist/tex/latex/graphics/keyval.sty
Package: keyval 2022/05/29 v1.15 key=value parser (DPC)
\KV@toks@=\toks19
)
\caption@tempdima=\dimen141
\captionmargin=\dimen142
\caption@leftmargin=\dimen143
\caption@rightmargin=\dimen144
\caption@width=\dimen145
\caption@indent=\dimen146
\caption@parindent=\dimen147
\caption@hangindent=\dimen148
Package caption Info: Standard document class detected.
)
\c@caption@flags=\count198
\c@continuedfloat=\count199
Package caption Info: float package is loaded.
) (c:/Users/rbzan/AppData/Roaming/TinyTeX/texmf-dist/tex/latex/amsmath/amsmath.sty
Package: amsmath 2023/05/13 v2.17o AMS math features
\@mathmargin=\skip51
For additional information on amsmath, use the `?' option.
(c:/Users/rbzan/AppData/Roaming/TinyTeX/texmf-dist/tex/latex/amsmath/amstext.sty
Package: amstext 2021/08/26 v2.01 AMS text
(c:/Users/rbzan/AppData/Roaming/TinyTeX/texmf-dist/tex/latex/amsmath/amsgen.sty
File: amsgen.sty 1999/11/30 v2.0 generic functions
\@emptytoks=\toks20
\ex@=\dimen149
)) (c:/Users/rbzan/AppData/Roaming/TinyTeX/texmf-dist/tex/latex/amsmath/amsbsy.sty
Package: amsbsy 1999/11/29 v1.2d Bold Symbols
\pmbraise@=\dimen150
) (c:/Users/rbzan/AppData/Roaming/TinyTeX/texmf-dist/tex/latex/amsmath/amsopn.sty
Package: amsopn 2022/04/08 v2.04 operator names
)
\inf@bad=\count266
LaTeX Info: Redefining \frac on input line 234.
\uproot@=\count267
\leftroot@=\count268
LaTeX Info: Redefining \overline on input line 399.
LaTeX Info: Redefining \colon on input line 410.
\classnum@=\count269
\DOTSCASE@=\count270
LaTeX Info: Redefining \ldots on input line 496.
LaTeX Info: Redefining \dots on input line 499.
LaTeX Info: Redefining \cdots on input line 620.
\Mathstrutbox@=\box53
\strutbox@=\box54
LaTeX Info: Redefining \big on input line 722.
LaTeX Info: Redefining \Big on input line 723.
LaTeX Info: Redefining \bigg on input line 724.
LaTeX Info: Redefining \Bigg on input line 725.
\big@size=\dimen151
LaTeX Font Info:    Redeclaring font encoding OML on input line 743.
LaTeX Font Info:    Redeclaring font encoding OMS on input line 744.
\macc@depth=\count271
LaTeX Info: Redefining \bmod on input line 905.
LaTeX Info: Redefining \pmod on input line 910.
LaTeX Info: Redefining \smash on input line 940.
LaTeX Info: Redefining \relbar on input line 970.
LaTeX Info: Redefining \Relbar on input line 971.
\c@MaxMatrixCols=\count272
\dotsspace@=\muskip16
\c@parentequation=\count273
\dspbrk@lvl=\count274
\tag@help=\toks21
\row@=\count275
\column@=\count276
\maxfields@=\count277
\andhelp@=\toks22
\eqnshift@=\dimen152
\alignsep@=\dimen153
\tagshift@=\dimen154
\tagwidth@=\dimen155
\totwidth@=\dimen156
\lineht@=\dimen157
\@envbody=\toks23
\multlinegap=\skip52
\multlinetaggap=\skip53
\mathdisplay@stack=\toks24
LaTeX Info: Redefining \[ on input line 2953.
LaTeX Info: Redefining \] on input line 2954.
) (c:/Users/rbzan/AppData/Roaming/TinyTeX/texmf-dist/tex/latex/amsfonts/amssymb.sty
Package: amssymb 2013/01/14 v3.01 AMS font symbols
(c:/Users/rbzan/AppData/Roaming/TinyTeX/texmf-dist/tex/latex/amsfonts/amsfonts.sty
Package: amsfonts 2013/01/14 v3.01 Basic AMSFonts support
\symAMSa=\mathgroup6
\symAMSb=\mathgroup7
LaTeX Font Info:    Redeclaring math symbol \hbar on input line 98.
LaTeX Font Info:    Overwriting math alphabet `\mathfrak' in version `bold'
(Font)                  U/euf/m/n --> U/euf/b/n on input line 106.
)) (c:/Users/rbzan/AppData/Roaming/TinyTeX/texmf-dist/tex/latex/hyperref/hyperref.sty
Package: hyperref 2024-01-20 v7.01h Hypertext links for LaTeX
(c:/Users/rbzan/AppData/Roaming/TinyTeX/texmf-dist/tex/generic/iftex/iftex.sty
Package: iftex 2022/02/03 v1.0f TeX engine tests
) (c:/Users/rbzan/AppData/Roaming/TinyTeX/texmf-dist/tex/latex/kvsetkeys/kvsetkeys.sty
Package: kvsetkeys 2022-10-05 v1.19 Key value parser (HO)
) (c:/Users/rbzan/AppData/Roaming/TinyTeX/texmf-dist/tex/generic/kvdefinekeys/kvdefinekeys.sty
Package: kvdefinekeys 2019-12-19 v1.6 Define keys (HO)
) (c:/Users/rbzan/AppData/Roaming/TinyTeX/texmf-dist/tex/generic/pdfescape/pdfescape.sty
Package: pdfescape 2019/12/09 v1.15 Implements pdfTeX's escape features (HO)
(c:/Users/rbzan/AppData/Roaming/TinyTeX/texmf-dist/tex/generic/ltxcmds/ltxcmds.sty
Package: ltxcmds 2023-12-04 v1.26 LaTeX kernel commands for general use (HO)
) (c:/Users/rbzan/AppData/Roaming/TinyTeX/texmf-dist/tex/generic/pdftexcmds/pdftexcmds.sty
Package: pdftexcmds 2020-06-27 v0.33 Utility functions of pdfTeX for LuaTeX (HO)
(c:/Users/rbzan/AppData/Roaming/TinyTeX/texmf-dist/tex/generic/infwarerr/infwarerr.sty
Package: infwarerr 2019/12/03 v1.5 Providing info/warning/error messages (HO)
)
Package pdftexcmds Info: \pdf@primitive is available.
Package pdftexcmds Info: \pdf@ifprimitive is available.
Package pdftexcmds Info: \pdfdraftmode found.
)) (c:/Users/rbzan/AppData/Roaming/TinyTeX/texmf-dist/tex/latex/hycolor/hycolor.sty
Package: hycolor 2020-01-27 v1.10 Color options for hyperref/bookmark (HO)
) (c:/Users/rbzan/AppData/Roaming/TinyTeX/texmf-dist/tex/latex/auxhook/auxhook.sty
Package: auxhook 2019-12-17 v1.6 Hooks for auxiliary files (HO)
) (c:/Users/rbzan/AppData/Roaming/TinyTeX/texmf-dist/tex/latex/hyperref/nameref.sty
Package: nameref 2023-11-26 v2.56 Cross-referencing by name of section
(c:/Users/rbzan/AppData/Roaming/TinyTeX/texmf-dist/tex/latex/refcount/refcount.sty
Package: refcount 2019/12/15 v3.6 Data extraction from label references (HO)
) (c:/Users/rbzan/AppData/Roaming/TinyTeX/texmf-dist/tex/generic/gettitlestring/gettitlestring.sty
Package: gettitlestring 2019/12/15 v1.6 Cleanup title references (HO)
(c:/Users/rbzan/AppData/Roaming/TinyTeX/texmf-dist/tex/latex/kvoptions/kvoptions.sty
Package: kvoptions 2022-06-15 v3.15 Key value format for package options (HO)
))
\c@section@level=\count278
) (c:/Users/rbzan/AppData/Roaming/TinyTeX/texmf-dist/tex/latex/etoolbox/etoolbox.sty
Package: etoolbox 2020/10/05 v2.5k e-TeX tools for LaTeX (JAW)
\etb@tempcnta=\count279
)
\@linkdim=\dimen158
\Hy@linkcounter=\count280
\Hy@pagecounter=\count281
(c:/Users/rbzan/AppData/Roaming/TinyTeX/texmf-dist/tex/latex/hyperref/pd1enc.def
File: pd1enc.def 2024-01-20 v7.01h Hyperref: PDFDocEncoding definition (HO)
Now handling font encoding PD1 ...
... no UTF-8 mapping file for font encoding PD1
) (c:/Users/rbzan/AppData/Roaming/TinyTeX/texmf-dist/tex/generic/intcalc/intcalc.sty
Package: intcalc 2019/12/15 v1.3 Expandable calculations with integers (HO)
)
\Hy@SavedSpaceFactor=\count282
(c:/Users/rbzan/AppData/Roaming/TinyTeX/texmf-dist/tex/latex/hyperref/puenc.def
File: puenc.def 2024-01-20 v7.01h Hyperref: PDF Unicode definition (HO)
Now handling font encoding PU ...
... no UTF-8 mapping file for font encoding PU
)
Package hyperref Info: Hyper figures OFF on input line 4179.
Package hyperref Info: Link nesting OFF on input line 4184.
Package hyperref Info: Hyper index ON on input line 4187.
Package hyperref Info: Plain pages OFF on input line 4194.
Package hyperref Info: Backreferencing OFF on input line 4199.
Package hyperref Info: Implicit mode ON; LaTeX internals redefined.
Package hyperref Info: Bookmarks ON on input line 4446.
\c@Hy@tempcnt=\count283
(c:/Users/rbzan/AppData/Roaming/TinyTeX/texmf-dist/tex/latex/url/url.sty
\Urlmuskip=\muskip17
Package: url 2013/09/16  ver 3.4  Verb mode for urls, etc.
)
LaTeX Info: Redefining \url on input line 4784.
\XeTeXLinkMargin=\dimen159
(c:/Users/rbzan/AppData/Roaming/TinyTeX/texmf-dist/tex/generic/bitset/bitset.sty
Package: bitset 2019/12/09 v1.3 Handle bit-vector datatype (HO)
(c:/Users/rbzan/AppData/Roaming/TinyTeX/texmf-dist/tex/generic/bigintcalc/bigintcalc.sty
Package: bigintcalc 2019/12/15 v1.5 Expandable calculations on big integers (HO)
))
\Fld@menulength=\count284
\Field@Width=\dimen160
\Fld@charsize=\dimen161
Package hyperref Info: Hyper figures OFF on input line 6063.
Package hyperref Info: Link nesting OFF on input line 6068.
Package hyperref Info: Hyper index ON on input line 6071.
Package hyperref Info: backreferencing OFF on input line 6078.
Package hyperref Info: Link coloring OFF on input line 6083.
Package hyperref Info: Link coloring with OCG OFF on input line 6088.
Package hyperref Info: PDF/A mode OFF on input line 6093.
(c:/Users/rbzan/AppData/Roaming/TinyTeX/texmf-dist/tex/latex/base/atbegshi-ltx.sty
Package: atbegshi-ltx 2021/01/10 v1.0c Emulation of the original atbegshi
package with kernel methods
)
\Hy@abspage=\count285
\c@Item=\count286
\c@Hfootnote=\count287
)
Package hyperref Info: Driver (autodetected): hpdftex.
(c:/Users/rbzan/AppData/Roaming/TinyTeX/texmf-dist/tex/latex/hyperref/hpdftex.def
File: hpdftex.def 2024-01-20 v7.01h Hyperref driver for pdfTeX
(c:/Users/rbzan/AppData/Roaming/TinyTeX/texmf-dist/tex/latex/base/atveryend-ltx.sty
Package: atveryend-ltx 2020/08/19 v1.0a Emulation of the original atveryend package
with kernel methods
)
\Fld@listcount=\count288
\c@bookmark@seq@number=\count289
(c:/Users/rbzan/AppData/Roaming/TinyTeX/texmf-dist/tex/latex/rerunfilecheck/rerunfilecheck.sty
Package: rerunfilecheck 2022-07-10 v1.10 Rerun checks for auxiliary files (HO)
(c:/Users/rbzan/AppData/Roaming/TinyTeX/texmf-dist/tex/generic/uniquecounter/uniquecounter.sty
Package: uniquecounter 2019/12/15 v1.4 Provide unlimited unique counter (HO)
)
Package uniquecounter Info: New unique counter `rerunfilecheck' on input line 285.
)
\Hy@SectionHShift=\skip54
) (c:/Users/rbzan/AppData/Roaming/TinyTeX/texmf-dist/tex/latex/graphics/graphicx.sty
Package: graphicx 2021/09/16 v1.2d Enhanced LaTeX Graphics (DPC,SPQR)
(c:/Users/rbzan/AppData/Roaming/TinyTeX/texmf-dist/tex/latex/graphics/graphics.sty
Package: graphics 2022/03/10 v1.4e Standard LaTeX Graphics (DPC,SPQR)
(c:/Users/rbzan/AppData/Roaming/TinyTeX/texmf-dist/tex/latex/graphics/trig.sty
Package: trig 2021/08/11 v1.11 sin cos tan (DPC)
) (c:/Users/rbzan/AppData/Roaming/TinyTeX/texmf-dist/tex/latex/graphics-cfg/graphics.cfg
File: graphics.cfg 2016/06/04 v1.11 sample graphics configuration
)
Package graphics Info: Driver file: pdftex.def on input line 107.
(c:/Users/rbzan/AppData/Roaming/TinyTeX/texmf-dist/tex/latex/graphics-def/pdftex.def
File: pdftex.def 2024/04/13 v1.2c Graphics/color driver for pdftex
))
\Gin@req@height=\dimen162
\Gin@req@width=\dimen163
) (c:/Users/rbzan/AppData/Roaming/TinyTeX/texmf-dist/tex/latex/fancyvrb/fancyvrb.sty
Package: fancyvrb 2024/01/20 4.5c verbatim text (tvz,hv)
\FV@CodeLineNo=\count290
\FV@InFile=\read2
\FV@TabBox=\box55
\c@FancyVerbLine=\count291
\FV@StepNumber=\count292
\FV@OutFile=\write3
) (./apacite.sty
Package: apacite 2012/02/25 v6.01 APA citation
\c@BibCnt=\count293
\bibleftmargin=\skip55
\bibindent=\skip56
\bibparsep=\skip57
\bibitemsep=\skip58
\biblabelsep=\skip59
) (c:/Users/rbzan/AppData/Roaming/TinyTeX/texmf-dist/tex/latex/graphics/color.sty
Package: color 2022/01/06 v1.3d Standard LaTeX Color (DPC)
(c:/Users/rbzan/AppData/Roaming/TinyTeX/texmf-dist/tex/latex/graphics-cfg/color.cfg
File: color.cfg 2016/01/02 v1.6 sample color configuration
)
Package color Info: Driver file: pdftex.def on input line 149.
(c:/Users/rbzan/AppData/Roaming/TinyTeX/texmf-dist/tex/latex/graphics/mathcolor.ltx))
\cslhangindent=\skip60
\csllabelwidth=\skip61
\cslentryspacingunit=\skip62
(c:/Users/rbzan/AppData/Roaming/TinyTeX/texmf-dist/tex/latex/tools/calc.sty
Package: calc 2023/07/08 v4.3 Infix arithmetic (KKT,FJ)
\calc@Acount=\count294
\calc@Bcount=\count295
\calc@Adimen=\dimen164
\calc@Bdimen=\dimen165
\calc@Askip=\skip63
\calc@Bskip=\skip64
LaTeX Info: Redefining \setlength on input line 80.
LaTeX Info: Redefining \addtolength on input line 81.
\calc@Ccount=\count296
\calc@Cskip=\skip65
) (c:/Users/rbzan/AppData/Roaming/TinyTeX/texmf-dist/tex/latex/l3backend/l3backend-pdftex.def
File: l3backend-pdftex.def 2024-04-11 L3 backend support: PDF output (pdfTeX)
\l__color_backend_stack_int=\count297
\l__pdf_internal_box=\box56
) (./bv-preschool-cogsci.aux)
\openout1 = `bv-preschool-cogsci.aux'.

LaTeX Font Info:    Checking defaults for OML/cmm/m/it on input line 96.
LaTeX Font Info:    ... okay on input line 96.
LaTeX Font Info:    Checking defaults for OMS/pzccm/m/n on input line 96.
LaTeX Font Info:    Trying to load font information for OMS+pzccm on input line 96.
(c:/Users/rbzan/AppData/Roaming/TinyTeX/texmf-dist/tex/latex/psnfss/omspzccm.fd
File: omspzccm.fd 2000/01/03 Fontinst v1.801 font definitions for OMS/pzccm.
)
LaTeX Font Info:    ... okay on input line 96.
LaTeX Font Info:    Checking defaults for OT1/cmr/m/n on input line 96.
LaTeX Font Info:    ... okay on input line 96.
LaTeX Font Info:    Checking defaults for T1/cmr/m/n on input line 96.
LaTeX Font Info:    ... okay on input line 96.
LaTeX Font Info:    Checking defaults for TS1/cmr/m/n on input line 96.
LaTeX Font Info:    ... okay on input line 96.
LaTeX Font Info:    Checking defaults for OMX/cmex/m/n on input line 96.
LaTeX Font Info:    ... okay on input line 96.
LaTeX Font Info:    Checking defaults for U/cmr/m/n on input line 96.
LaTeX Font Info:    ... okay on input line 96.
LaTeX Font Info:    Checking defaults for PD1/pdf/m/n on input line 96.
LaTeX Font Info:    ... okay on input line 96.
LaTeX Font Info:    Checking defaults for PU/pdf/m/n on input line 96.
LaTeX Font Info:    ... okay on input line 96.
Package caption Info: Begin \AtBeginDocument code.
Package caption Info: hyperref package is loaded.
Package caption Info: End \AtBeginDocument code.
Package hyperref Info: Link coloring OFF on input line 96.
(./bv-preschool-cogsci.out) (./bv-preschool-cogsci.out)
\@outlinefile=\write4
\openout4 = `bv-preschool-cogsci.out'.

(c:/Users/rbzan/AppData/Roaming/TinyTeX/texmf-dist/tex/latex/epstopdf-pkg/epstopdf-base.sty
Package: epstopdf-base 2020-01-24 v2.11 Base part for package epstopdf
Package epstopdf-base Info: Redefining graphics rule for `.eps' on input line 485.
(c:/Users/rbzan/AppData/Roaming/TinyTeX/texmf-dist/tex/latex/latexconfig/epstopdf-sys.cfg
File: epstopdf-sys.cfg 2010/07/13 v1.3 Configuration of (r)epstopdf for TeX Live
))
\c@maskedRefs=\count298
(c:/Users/rbzan/AppData/Roaming/TinyTeX/texmf-dist/tex/latex/apacite/english.apc
File: english.apc 2013/07/21 v6.03 apacite language file
LaTeX Info: Redefining \BPBI on input line 129.
LaTeX Info: Redefining \BHBI on input line 130.
)
LaTeX Font Info:    Trying to load font information for OT1+ptmcm on input line 99.
(c:/Users/rbzan/AppData/Roaming/TinyTeX/texmf-dist/tex/latex/psnfss/ot1ptmcm.fd
File: ot1ptmcm.fd 2000/01/03 Fontinst v1.801 font definitions for OT1/ptmcm.
)
LaTeX Font Info:    Trying to load font information for OML+ptmcm on input line 99.
(c:/Users/rbzan/AppData/Roaming/TinyTeX/texmf-dist/tex/latex/psnfss/omlptmcm.fd
File: omlptmcm.fd 2000/01/03 Fontinst v1.801 font definitions for OML/ptmcm.
)
LaTeX Font Info:    Trying to load font information for OMX+psycm on input line 99.
(c:/Users/rbzan/AppData/Roaming/TinyTeX/texmf-dist/tex/latex/psnfss/omxpsycm.fd
File: omxpsycm.fd 2000/01/03 Fontinst v1.801 font definitions for OMX/psycm.
)
LaTeX Font Info:    Font shape `OT1/ptm/bx/n' in size <10> not available
(Font)              Font shape `OT1/ptm/b/n' tried instead on input line 99.
LaTeX Font Info:    Font shape `OT1/ptm/bx/n' in size <7.4> not available
(Font)              Font shape `OT1/ptm/b/n' tried instead on input line 99.
LaTeX Font Info:    Font shape `OT1/ptm/bx/n' in size <6> not available
(Font)              Font shape `OT1/ptm/b/n' tried instead on input line 99.
LaTeX Font Info:    Trying to load font information for U+msa on input line 99.
(c:/Users/rbzan/AppData/Roaming/TinyTeX/texmf-dist/tex/latex/amsfonts/umsa.fd
File: umsa.fd 2013/01/14 v3.01 AMS symbols A
)
LaTeX Font Info:    Trying to load font information for U+msb on input line 99.
(c:/Users/rbzan/AppData/Roaming/TinyTeX/texmf-dist/tex/latex/amsfonts/umsb.fd
File: umsb.fd 2013/01/14 v3.01 AMS symbols B
)
Underfull \vbox (badness 10000) detected at line 99
 []

LaTeX Font Info:    Trying to load font information for OML+ptm on input line 110.
(c:/Users/rbzan/AppData/Roaming/TinyTeX/texmf-dist/tex/latex/psnfss/omlptm.fd
File: omlptm.fd 
)
LaTeX Font Info:    Font shape `OML/ptm/m/n' in size <9> not available
(Font)              Font shape `OML/cmm/m/it' tried instead on input line 110.
[1{c:/Users/rbzan/AppData/Roaming/TinyTeX/texmf-var/fonts/map/pdftex/updmap/pdftex.map}{c:/Users/rbzan/AppData/Roaming/TinyTeX/texmf-dist/fonts/enc/dvips/base/8r.enc}



]
Underfull \vbox (badness 4279) has occurred while \output is active []

<figs/example-image-1.pdf, id=54, 216.81pt x 216.81pt>
File: figs/example-image-1.pdf Graphic file (type pdf)
<use figs/example-image-1.pdf>
Package pdftex.def Info: figs/example-image-1.pdf  used on input line 261.
(pdftex.def)             Requested size: 182.93344pt x 182.9429pt.
LaTeX Font Info:    Font shape `OT1/ptm/bx/n' in size <9> not available
(Font)              Font shape `OT1/ptm/b/n' tried instead on input line 308.
LaTeX Font Info:    Font shape `OT1/ptm/bx/n' in size <7> not available
(Font)              Font shape `OT1/ptm/b/n' tried instead on input line 308.
LaTeX Font Info:    Font shape `OT1/ptm/bx/n' in size <5> not available
(Font)              Font shape `OT1/ptm/b/n' tried instead on input line 308.
[2 <./figs/example-image-1.pdf>]
<figs/pipeline-image-1.pdf, id=74, 216.81pt x 144.54pt>
File: figs/pipeline-image-1.pdf Graphic file (type pdf)
<use figs/pipeline-image-1.pdf>
Package pdftex.def Info: figs/pipeline-image-1.pdf  used on input line 333.
(pdftex.def)             Requested size: 216.80946pt x 144.53963pt.

Underfull \vbox (badness 10000) has occurred while \output is active []

[3 <./figs/pipeline-image-1.pdf>]
<figs/tokens-by-age-1.pdf, id=100, 252.945pt x 216.81pt>
File: figs/tokens-by-age-1.pdf Graphic file (type pdf)
<use figs/tokens-by-age-1.pdf>
Package pdftex.def Info: figs/tokens-by-age-1.pdf  used on input line 462.
(pdftex.def)             Requested size: 170.73712pt x 146.34705pt.
<figs/tokens-by-context-1.pdf, id=101, 252.945pt x 216.81pt>
File: figs/tokens-by-context-1.pdf Graphic file (type pdf)
<use figs/tokens-by-context-1.pdf>
Package pdftex.def Info: figs/tokens-by-context-1.pdf  used on input line 473.
(pdftex.def)             Requested size: 170.73712pt x 146.34705pt.
<figs/quality-by-context-1.pdf, id=102, 469.755pt x 180.675pt>
File: figs/quality-by-context-1.pdf Graphic file (type pdf)
<use figs/quality-by-context-1.pdf>
Package pdftex.def Info: figs/quality-by-context-1.pdf  used on input line 484.
(pdftex.def)             Requested size: 404.71353pt x 155.65866pt.

LaTeX Warning: `!h' float specifier changed to `!ht'.

[4 <./figs/tokens-by-age-1.pdf> <./figs/tokens-by-context-1.pdf>]
LaTeX Font Info:    Font shape `OML/ptm/m/n' in size <10> not available
(Font)              Font shape `OML/cmm/m/it' tried instead on input line 556.

Underfull \hbox (badness 6032) in paragraph at lines 569--581
\OT1/ptm/m/n/10 We ex-am-ined chil-dren's lan-guage en-vi-ron-ments in a
 []

[5 <./figs/quality-by-context-1.pdf>]
Underfull \vbox (badness 1803) has occurred while \output is active []


Underfull \vbox (badness 1803) has occurred while \output is active []

[6]
Underfull \hbox (badness 5924) in paragraph at lines 716--721
 []\OT1/ptm/m/n/10 Aslin, R. N. (2009). How In-fants View Nat-u-
 []


Underfull \hbox (badness 1275) in paragraph at lines 716--721
 \OT1/ptm/m/n/10 ral Scenes Gath-ered From a Head-Mounted Cam-
 []


Underfull \hbox (badness 1590) in paragraph at lines 716--721
 \OT1/ptm/m/n/10 era. \OT1/ptm/m/it/10 Op-tom-e-try and Vi-sion Sci-ence\OT1/ptm/m/n/10 , \OT1/ptm/m/it/10 86\OT1/ptm/m/n/10 (6), 561.
 []


Underfull \hbox (badness 2111) in paragraph at lines 722--728
 []\OT1/ptm/m/n/10 Bang, J. Y., Mora, A., Mun[]evar, M., Fer-nald, A.,
 []


Underfull \hbox (badness 2443) in paragraph at lines 722--728
 \OT1/ptm/m/n/10 to talk: Mul-ti-ple sources of vari-abil-ity in care-
 []


Underfull \hbox (badness 3364) in paragraph at lines 729--734
 \OT1/ptm/m/it/10 rec-tions in Psy-cho-log-i-cal Sci-ence\OT1/ptm/m/n/10 , \OT1/ptm/m/it/10 31\OT1/ptm/m/n/10 (1), 28--33.
 []


Underfull \hbox (badness 3396) in paragraph at lines 749--755
 []\OT1/ptm/m/n/10 Booren, L. M., Downer, J. T., & Vi-tiello, V. E.
 []


Underfull \hbox (badness 10000) in paragraph at lines 749--755
 \OT1/ptm/m/n/10 (2012). Ob-ser-va-tions of Chil-dren's In-ter-ac-
 []


Underfull \hbox (badness 10000) in paragraph at lines 749--755
 \OT1/ptm/m/n/10 tions with Teach-ers, Peers, and Tasks across
 []


Underfull \hbox (badness 7273) in paragraph at lines 749--755
 \OT1/ptm/m/n/10 Preschool Class-room Ac-tiv-ity Set-tings. \OT1/ptm/m/it/10 Early
 []


Underfull \hbox (badness 10000) in paragraph at lines 749--755
 \OT1/ptm/m/it/10 Ed-u-ca-tion and De-vel-op-ment\OT1/ptm/m/n/10 , \OT1/ptm/m/it/10 23\OT1/ptm/m/n/10 (4), 517--538.
 []


Underfull \hbox (badness 4713) in paragraph at lines 763--767
 []\OT1/ptm/m/n/10 Casillas, M. (2023). Learn-ing lan-guage in vivo.
 []


Underfull \hbox (badness 10000) in paragraph at lines 763--767
 \OT1/ptm/m/it/10 Child De-vel-op-ment Per-spec-tives\OT1/ptm/m/n/10 , \OT1/ptm/m/it/10 17\OT1/ptm/m/n/10 (1), 10--17.
 []


Underfull \hbox (badness 1383) in paragraph at lines 768--774
 \OT1/ptm/m/n/10 class-room lin-guis-tic en-vi-ron-ment: Chil-dren's first-
 []


Underfull \hbox (badness 2020) in paragraph at lines 775--781
 \OT1/ptm/m/n/10 & Na-tion, K. (2021). Fea-tures of lex-i-cal rich-
 []


Underfull \hbox (badness 1527) in paragraph at lines 782--789
 []\OT1/ptm/m/n/10 Dickinson, D. K., Dar-row, C. L., & Tin-ubu, T. A.
 []


Underfull \hbox (badness 7433) in paragraph at lines 790--795
 []\OT1/ptm/m/n/10 Duncan, G. J., & Mag-nu-son, K. (2013). In-
 []


Underfull \hbox (badness 10000) in paragraph at lines 790--795
 \OT1/ptm/m/n/10 vest-ing in Preschool Pro-grams. \OT1/ptm/m/it/10 Jour-nal
 []


Underfull \hbox (badness 10000) in paragraph at lines 790--795
 \OT1/ptm/m/it/10 of Eco-nomic Per-spec-tives\OT1/ptm/m/n/10 , \OT1/ptm/m/it/10 27\OT1/ptm/m/n/10 (2), 109--132.
 []


Underfull \hbox (badness 1147) in paragraph at lines 803--809
 []\OT1/ptm/m/n/10 Duncan, R. J., King, Y. A., Find-ers, J. K., Elicker,
 []


Underfull \hbox (badness 5036) in paragraph at lines 803--809
 \OT1/ptm/m/n/10 J., Schmitt, S. A., & Pur-pura, D. J. (2020).
 []


Underfull \hbox (badness 10000) in paragraph at lines 803--809
 \OT1/ptm/m/n/10 Prekinder-garten class-room lan-guage en-vi-ron-
 []


Underfull \hbox (badness 2443) in paragraph at lines 803--809
 \OT1/ptm/m/n/10 ments and chil-dren's vo-cab-u-lary skills. \OT1/ptm/m/it/10 Jour-nal
 []


Underfull \hbox (badness 2828) in paragraph at lines 803--809
 \OT1/ptm/m/it/10 of Ex-per-i-men-tal Child Psy-chol-ogy\OT1/ptm/m/n/10 , \OT1/ptm/m/it/10 194\OT1/ptm/m/n/10 , 104829.
 []


Underfull \hbox (badness 1803) in paragraph at lines 815--820
 []\OT1/ptm/m/n/10 Gandhi, S., Platen, P. von, & Rush, A. M. (2023,
 []


Underfull \hbox (badness 3780) in paragraph at lines 815--820
 \OT1/ptm/m/n/10 Novem-ber 1). Distil-Whisper: Ro-bust Knowl-
 []


Underfull \hbox (badness 1137) in paragraph at lines 821--828
 \OT1/ptm/m/n/10 tion 'in the Wild'. \OT1/ptm/m/it/10 Sen-sors (Basel, Switzer-land)\OT1/ptm/m/n/10 ,
 []


Underfull \hbox (badness 1259) in paragraph at lines 829--836
 []\OT1/ptm/m/n/10 Glas, L., Rossi, C., Hamdi-Sultan, R., Batailler, C.,
 []


Underfull \hbox (badness 3281) in paragraph at lines 837--843
 []\OT1/ptm/m/n/10 Greenwood, C. R., Thiemann-Bourque, K., Walker,
 []


Underfull \hbox (badness 2173) in paragraph at lines 837--843
 \OT1/ptm/m/n/10 D., Buzhardt, J., & Gilk-er-son, J. (2011). As-
 []


Underfull \hbox (badness 3557) in paragraph at lines 837--843
 \OT1/ptm/m/n/10 sess-ing Chil-dren's Home Lan-guage En-vi-ron-ments
 []


Underfull \hbox (badness 2302) in paragraph at lines 837--843
 \OT1/ptm/m/n/10 Us-ing Au-to-matic Speech Recog-ni-tion Tech-nol-ogy.
 []


Underfull \hbox (badness 1558) in paragraph at lines 844--852
 []\OT1/ptm/m/n/10 Hlav[]a[]cov[]a, J. (2006). New Ap-proach to Fre-quency
 []


Underfull \hbox (badness 5022) in paragraph at lines 844--852
 \OT1/ptm/m/n/10 Dic-tio-nar-ies - Czech Ex-am-ple. In N. Cal-zo-
 []


Underfull \hbox (badness 2443) in paragraph at lines 844--852
 \OT1/ptm/m/n/10 lari, K. Choukri, A. Gangemi, B. Mae-gaard, J.
 []


Underfull \hbox (badness 1769) in paragraph at lines 844--852
 \OT1/ptm/m/n/10 Mar-i-ani, J. Odijk, & D. Tapias (Eds.), \OT1/ptm/m/it/10 Pro-ceed-
 []


Underfull \hbox (badness 2556) in paragraph at lines 844--852
 \OT1/ptm/m/n/10 Italy: Eu-ro-pean Lan-guage Re-sources As-so-ci-a-tion
 []


Underfull \hbox (badness 5563) in paragraph at lines 844--852
 \OT1/ptm/m/n/10 (ELRA). Re-trieved from []$\OT1/pcr/m/n/10 http :// www [] .lrec [] -conf []
 []

[7]
Underfull \hbox (badness 3735) in paragraph at lines 863--869
 []\OT1/ptm/m/n/10 Justice, L. M., Jiang, H., & Strasser, K. (2018).
 []


Underfull \hbox (badness 6995) in paragraph at lines 863--869
 \OT1/ptm/m/n/10 Lin-guis-tic en-vi-ron-ment of preschool class-rooms:
 []


Underfull \hbox (badness 2547) in paragraph at lines 863--869
 \OT1/ptm/m/it/10 Early Child-hood Re-search Quar-terly\OT1/ptm/m/n/10 , \OT1/ptm/m/it/10 42\OT1/ptm/m/n/10 , 79--92.
 []


Underfull \hbox (badness 1158) in paragraph at lines 875--881
 []\OT1/ptm/m/n/10 Long, B., Goodin, S., Kacher-gis, G., March-man, V.
 []


Underfull \hbox (badness 1454) in paragraph at lines 875--881
 \OT1/ptm/m/n/10 A., Rad-wan, S., Sparks, R. Z., ... Frank, M.
 []


Underfull \hbox (badness 1655) in paragraph at lines 875--881
 \OT1/ptm/m/n/10 De-sign-ing a New Head-mounted Cam-era to Cap-
 []


Underfull \hbox (badness 2941) in paragraph at lines 882--888
 \OT1/ptm/m/it/10 and use-ful-ness of lex-i-cal di-ver-sity mea-sures and
 []


Underfull \hbox (badness 7667) in paragraph at lines 882--888
 \OT1/ptm/m/it/10 the po-ten-tial of the mea-sure of tex-tual, lex-i-
 []


Underfull \hbox (badness 3919) in paragraph at lines 882--888
 \OT1/ptm/m/it/10 cal di-ver-sity (MTLD) \OT1/ptm/m/n/10 (PhD the-sis). The Uni-
 []


Underfull \hbox (badness 4328) in paragraph at lines 882--888
 \OT1/ptm/m/n/10 ver-sity of Mem-phis, TN, USA. Re-trieved from
 []


Underfull \hbox (badness 10000) in paragraph at lines 882--888
 []$\OT1/pcr/m/n/10 https :// www [] .proquest [] .com / docview / 305349212 /
 []


Underfull \hbox (badness 4467) in paragraph at lines 889--894
 []\OT1/ptm/m/n/10 McCarthy, P. M., & Jarvis, S. (2010). MTLD,
 []


Underfull \hbox (badness 4995) in paragraph at lines 889--894
 \OT1/ptm/m/n/10 vocd-D, and HD-D: A val-i-da-tion study of so-
 []


Underfull \hbox (badness 2662) in paragraph at lines 889--894
 \OT1/ptm/m/n/10 phis-ti-cated ap-proaches to lex-i-cal di-ver-sity as-sess-
 []


Underfull \hbox (badness 2707) in paragraph at lines 895--901
 \OT1/ptm/m/n/10 Fernandez, C., Ullery, M. A., Katz, L. F., ...
 []


Underfull \hbox (badness 1888) in paragraph at lines 908--914
 []\OT1/ptm/m/n/10 Raikes, A., Rao, N., Yoshikawa, H., Cohrssen, C.,
 []


Underfull \hbox (badness 3333) in paragraph at lines 908--914
 \OT1/ptm/m/n/10 Behrman, J., Cappa, C., et al.others. (2023).
 []


Underfull \hbox (badness 2486) in paragraph at lines 908--914
 \OT1/ptm/m/n/10 hood care and ed-u-ca-tion. \OT1/ptm/m/it/10 In-ter-na-tional Jour-nal
 []


Underfull \hbox (badness 2376) in paragraph at lines 908--914
 \OT1/ptm/m/it/10 of Child Care and Ed-u-ca-tion Pol-icy\OT1/ptm/m/n/10 , \OT1/ptm/m/it/10 17\OT1/ptm/m/n/10 (1), 14.
 []


Underfull \hbox (badness 4886) in paragraph at lines 915--920
 []\OT1/ptm/m/n/10 Roy, B. C., Frank, M. C., De-Camp, P., Miller,
 []


Underfull \hbox (badness 4467) in paragraph at lines 915--920
 \OT1/ptm/m/n/10 M., & Roy, D. (2015). Pre-dict-ing the birth
 []


Underfull \hbox (badness 6141) in paragraph at lines 915--920
 \OT1/ptm/m/n/10 of a spo-ken word. \OT1/ptm/m/it/10 Pro-ceed-ings of the Na-
 []


Underfull \hbox (badness 2418) in paragraph at lines 929--935
 []\OT1/ptm/m/n/10 Smith, L. B., Yu, C., Yoshida, H., & Fausey, C.
 []


Underfull \hbox (badness 10000) in paragraph at lines 929--935
 \OT1/ptm/m/n/10 M. (2015). Con-tri-bu-tions of Head-Mounted
 []


Underfull \hbox (badness 10000) in paragraph at lines 929--935
 \OT1/ptm/m/n/10 Cam-eras to Study-ing the Vi-sual En-vi-ron-ments
 []


Underfull \hbox (badness 7925) in paragraph at lines 929--935
 \OT1/ptm/m/n/10 of In-fants and Young Chil-dren. \OT1/ptm/m/it/10 Jour-nal of
 []


Underfull \hbox (badness 10000) in paragraph at lines 929--935
 \OT1/ptm/m/it/10 Cog-ni-tion and De-vel-op-ment\OT1/ptm/m/n/10 , \OT1/ptm/m/it/10 16\OT1/ptm/m/n/10 (3), 407--419.
 []


Underfull \hbox (badness 3168) in paragraph at lines 943--948
 []\OT1/ptm/m/n/10 Tamis-LeMonda, C. S., Cus-tode, S., Kuchirko, Y.,
 []


Underfull \hbox (badness 3158) in paragraph at lines 943--948
 \OT1/ptm/m/n/10 Es-co-bar, K., & Lo, T. (2019). Rou-tine Lan-
 []


Underfull \hbox (badness 1527) in paragraph at lines 943--948
 \OT1/ptm/m/n/10 guage: Speech Di-rected to In-fants Dur-ing Home
 []


Underfull \hbox (badness 1043) in paragraph at lines 949--955
 \OT1/ptm/m/n/10 ney, B. (2016). Home-Bank: An On-line Repos-i-
 []

[8] (./bv-preschool-cogsci.aux)
 ***********
LaTeX2e <2023-11-01> patch level 1
L3 programming layer <2024-04-11>
 ***********
Package rerunfilecheck Info: File `bv-preschool-cogsci.out' has not changed.
(rerunfilecheck)             Checksum: 9AEEAD459F35115095EFD60A48C85BDE;1027.
 ) 
Here is how much of TeX's memory you used:
 12138 strings out of 476009
 194065 string characters out of 5789395
 1951754 words of memory out of 5000000
 34065 multiletter control sequences out of 15000+600000
 594356 words of font info for 110 fonts, out of 8000000 for 9000
 14 hyphenation exceptions out of 8191
 75i,11n,79p,523b,482s stack positions out of 10000i,1000n,20000p,200000b,200000s
<c:/Users/rbzan/AppData/Roaming/TinyTeX/texmf-dist/fonts/type1/public/amsfonts/cm/cmmi10.pfb><c:/Users/rbzan/AppData/Roaming/TinyTeX/texmf-dist/fonts/type1/public/amsfonts/cm/cmmi9.pfb><c:/Users/rbzan/AppData/Roaming/TinyTeX/texmf-dist/fonts/type1/urw/courier/ucrr8a.pfb><c:/Users/rbzan/AppData/Roaming/TinyTeX/texmf-dist/fonts/type1/urw/times/utmb8a.pfb><c:/Users/rbzan/AppData/Roaming/TinyTeX/texmf-dist/fonts/type1/urw/times/utmr8a.pfb><c:/Users/rbzan/AppData/Roaming/TinyTeX/texmf-dist/fonts/type1/urw/times/utmri8a.pfb>
Output written on bv-preschool-cogsci.pdf (8 pages, 6049959 bytes).
PDF statistics:
 296 PDF objects out of 1000 (max. 8388607)
 257 compressed objects within 3 object streams
 83 named destinations out of 1000 (max. 500000)
 106 words of extra memory for PDF output out of 10000 (max. 10000000)

